TAP version 13
# Subtest: Template Generation Tests
    # Subtest: _setup.mjs Generation
        # Subtest: should generate _setup.mjs with correct Environment object destructuring
        ok 1 - should generate _setup.mjs with correct Environment object destructuring
          ---
          duration_ms: 21.319535
          ...
        # Subtest: should generate _setup.mjs with tools.placeholders.replaceAll usage
        ok 2 - should generate _setup.mjs with tools.placeholders.replaceAll usage
          ---
          duration_ms: 8.189198
          ...
        # Subtest: should generate _setup.mjs with proper placeholder mapping
        ok 3 - should generate _setup.mjs with proper placeholder mapping
          ---
          duration_ms: 8.606178
          ...
        # Subtest: should generate _setup.mjs with logging statements
        ok 4 - should generate _setup.mjs with logging statements
          ---
          duration_ms: 6.357858
          ...
        # Subtest: should generate project-type-specific setup script for cf-d1
        ok 5 - should generate project-type-specific setup script for cf-d1
          ---
          duration_ms: 7.781731
          ...
        # Subtest: should generate project-type-specific setup script for vite-react
        ok 6 - should generate project-type-specific setup script for vite-react
          ---
          duration_ms: 7.146561
          ...
        # Subtest: should generate idempotent setup script operations
        ok 7 - should generate idempotent setup script operations
          ---
          duration_ms: 3.89328
          ...
        1..7
    ok 1 - _setup.mjs Generation
      ---
      duration_ms: 66.756701
      type: 'suite'
      ...
    # Subtest: template.json Generation
        # Subtest: should generate template.json with supportedOptions structure
        ok 1 - should generate template.json with supportedOptions structure
          ---
          duration_ms: 5.596076
          ...
        # Subtest: should generate template.json with placeholder definitions
        ok 2 - should generate template.json with placeholder definitions
          ---
          duration_ms: 4.7613
          ...
        # Subtest: should generate template.json with project type information
        ok 3 - should generate template.json with project type information
          ---
          duration_ms: 6.509463
          ...
        # Subtest: should generate template.json with creation timestamp and attribution
        ok 4 - should generate template.json with creation timestamp and attribution
          ---
          duration_ms: 3.702707
          ...
        # Subtest: should generate template.json with file list
        ok 5 - should generate template.json with file list
          ---
          duration_ms: 3.898246
          ...
        1..5
    ok 2 - template.json Generation
      ---
      duration_ms: 25.67241
      type: 'suite'
      ...
    # Subtest: Project-Type-Specific Template Generation
        # Subtest: should generate cf-d1 specific template files
        ok 1 - should generate cf-d1 specific template files
          ---
          duration_ms: 5.667061
          ...
        # Subtest: should generate cf-turso specific template files
        not ok 2 - should generate cf-turso specific template files
          ---
          duration_ms: 4.214719
          location: 'file:///home/vijay/workspaces/ws-million-views/make-template/test/functional/template-generation.test.js:297:5'
          failureType: 'testCodeFailure'
          error: 'Should successfully generate cf-turso template'
          code: 'ERR_ASSERTION'
          name: 'AssertionError'
          expected: 0
          actual: 1
          operator: 'strictEqual'
          stack: |-
            TestContext.<anonymous> (file:///home/vijay/workspaces/ws-million-views/make-template/test/functional/template-generation.test.js:302:14)
            async Test.run (node:internal/test_runner/test:632:9)
            async Suite.processPendingSubtests (node:internal/test_runner/test:374:7)
          ...
        # Subtest: should generate vite-react specific template files
        ok 3 - should generate vite-react specific template files
          ---
          duration_ms: 8.13766
          ...
        # Subtest: should generate generic template files
        ok 4 - should generate generic template files
          ---
          duration_ms: 4.373697
          ...
        1..4
    not ok 3 - Project-Type-Specific Template Generation
      ---
      duration_ms: 23.482434
      type: 'suite'
      location: 'file:///home/vijay/workspaces/ws-million-views/make-template/test/functional/template-generation.test.js:277:3'
      failureType: 'subtestsFailed'
      error: '1 subtest failed'
      code: 'ERR_TEST_FAILURE'
      ...
    # Subtest: IDE Preset Support
        # Subtest: should include IDE preset support in setup script
        ok 1 - should include IDE preset support in setup script
          ---
          duration_ms: 4.394787
          ...
        # Subtest: should handle IDE preset application in different project types
        ok 2 - should handle IDE preset application in different project types
          ---
          duration_ms: 3.330956
          ...
        1..2
    ok 4 - IDE Preset Support
      ---
      duration_ms: 8.185206
      type: 'suite'
      ...
    # Subtest: Error Handling in Generated Templates
        # Subtest: should include error handling in setup script
        ok 1 - should include error handling in setup script
          ---
          duration_ms: 9.217188
          ...
        # Subtest: should validate template metadata structure
        ok 2 - should validate template metadata structure
          ---
          duration_ms: 4.912488
          ...
        1..2
    ok 5 - Error Handling in Generated Templates
      ---
      duration_ms: 14.638491
      type: 'suite'
      ...
    1..5
not ok 1 - Template Generation Tests
  ---
  duration_ms: 141.172829
  type: 'suite'
  location: 'file:///home/vijay/workspaces/ws-million-views/make-template/test/functional/template-generation.test.js:120:1'
  failureType: 'subtestsFailed'
  error: '1 subtest failed'
  code: 'ERR_TEST_FAILURE'
  ...
1..1
# tests 20
# suites 6
# pass 19
# fail 1
# cancelled 0
# skipped 0
# todo 0
# duration_ms 246.4185
